<?xml version="1.0" encoding="UTF-8"?>
<!-- Generated by org.testng.reporters.JUnitXMLReporter -->
<testsuite hostname="LAPTOP-KHU2JSHE" ignored="0" name="Configuration Annotation Test" tests="2" failures="0" timestamp="2022-06-07T02:15:12 EET" time="0.022" errors="0">
  <testcase name="searchCustomer" time="0.002" classname="testannotations.Configuration_Annotation"/>
  <testcase name="searchProduct" time="0.001" classname="testannotations.Configuration_Annotation"/>
</testsuite> <!-- Configuration Annotation Test -->
