<?xml version="1.0" encoding="UTF-8"?>
<!-- Generated by org.testng.reporters.JUnitXMLReporter -->
<testsuite hostname="LAPTOP-KHU2JSHE" ignored="1" name="Search For A Product" tests="1" failures="0" timestamp="2022-06-07T02:17:05 EET" time="0.002" errors="0">
  <testcase name="searchProduct" time="0.0" classname="testannotations.Configuration_Annotation"/>
  <testcase name="searchCustomer" time="0.0" classname="testannotations.Configuration_Annotation">
    <ignored/>
  </testcase> <!-- searchCustomer -->
</testsuite> <!-- Search For A Product -->
